<?xml version="1.0" encoding="UTF-8"?>
<!-- Generated by org.testng.reporters.JUnitXMLReporter -->
<testsuite ignored="0" hostname="AMIT-D" failures="0" tests="4" name="Test" time="0.116" errors="0" timestamp="2024-05-09T21:11:07 IST">
  <testcase classname="Testcases3.A" name="enterurl" time="0.02"/>
  <testcase classname="Testcases3.A" name="launchBrowser" time="0.002"/>
  <testcase classname="Testcases3.AnnotationPractice" name="m1" time="0.002"/>
  <testcase classname="Testcases3.AnnotationPractice" name="z1" time="0.002"/>
</testsuite> <!-- Test -->
